# JRE version: 7.0_15-b03
# Java VM: Java HotSpot(TM) 64-Bit Server VM (23.7-b01 mixed mode bsd-amd64 compressed oops)
Heap
 PSYoungGen      total 72256K, used 1715K [0x000000013d3a0000, 0x00000001420c0000, 0x0000000152fa0000)
  eden space 66496K, 2% used [0x000000013d3a0000,0x000000013d54cff0,0x0000000141490000)
  from space 5760K, 0% used [0x0000000141a80000,0x0000000141a80000,0x0000000142020000)
  to   space 6080K, 0% used [0x0000000141490000,0x0000000141490000,0x0000000141a80000)
 ParOldGen       total 44544K, used 7020K [0x0000000111ba0000, 0x0000000114720000, 0x000000013d3a0000)
  object space 44544K, 15% used [0x0000000111ba0000,0x000000011227b3f8,0x0000000114720000)
 PSPermGen       total 28608K, used 13944K [0x000000010c9a0000, 0x000000010e590000, 0x0000000111ba0000)
  object space 28608K, 48% used [0x000000010c9a0000,0x000000010d73e3c8,0x000000010e590000)
GC Heap History (10 events):
Event: 1.036 GC heap before
{Heap before GC invocations=3 (full 0):
 PSYoungGen      total 19456K, used 19305K [0x000000013d3a0000, 0x000000013f9a0000, 0x0000000152fa0000)
  eden space 16704K, 100% used [0x000000013d3a0000,0x000000013e3f0000,0x000000013e3f0000)
  from space 2752K, 94% used [0x000000013e6a0000,0x000000013e92a408,0x000000013e950000)
  to   space 2752K, 0% used [0x000000013e3f0000,0x000000013e3f0000,0x000000013e6a0000)
 ParOldGen       total 44544K, used 513K [0x0000000111ba0000, 0x0000000114720000, 0x000000013d3a0000)
  object space 44544K, 1% used [0x0000000111ba0000,0x0000000111c20520,0x0000000114720000)
 PSPermGen       total 21248K, used 10081K [0x000000010c9a0000, 0x000000010de60000, 0x0000000111ba0000)
  object space 21248K, 47% used [0x000000010c9a0000,0x000000010d378600,0x000000010de60000)
Event: 1.041 GC heap after
Heap after GC invocations=3 (full 0):
 PSYoungGen      total 19456K, used 2744K [0x000000013d3a0000, 0x000000013f9a0000, 0x0000000152fa0000)
  eden space 16704K, 0% used [0x000000013d3a0000,0x000000013d3a0000,0x000000013e3f0000)
  from space 2752K, 99% used [0x000000013e3f0000,0x000000013e69e020,0x000000013e6a0000)
  to   space 2752K, 0% used [0x000000013f6f0000,0x000000013f6f0000,0x000000013f9a0000)
 ParOldGen       total 44544K, used 1994K [0x0000000111ba0000, 0x0000000114720000, 0x000000013d3a0000)
  object space 44544K, 4% used [0x0000000111ba0000,0x0000000111d929d8,0x0000000114720000)
 PSPermGen       total 21248K, used 10081K [0x000000010c9a0000, 0x000000010de60000, 0x0000000111ba0000)
  object space 21248K, 47% used [0x000000010c9a0000,0x000000010d378600,0x000000010de60000)
}
Event: 1.423 GC heap before
{Heap before GC invocations=4 (full 0):
 PSYoungGen      total 19456K, used 19448K [0x000000013d3a0000, 0x000000013f9a0000, 0x0000000152fa0000)
  eden space 16704K, 100% used [0x000000013d3a0000,0x000000013e3f0000,0x000000013e3f0000)
  from space 2752K, 99% used [0x000000013e3f0000,0x000000013e69e020,0x000000013e6a0000)
  to   space 2752K, 0% used [0x000000013f6f0000,0x000000013f6f0000,0x000000013f9a0000)
 ParOldGen       total 44544K, used 1994K [0x0000000111ba0000, 0x0000000114720000, 0x000000013d3a0000)
  object space 44544K, 4% used [0x0000000111ba0000,0x0000000111d929d8,0x0000000114720000)
 PSPermGen       total 21248K, used 12613K [0x000000010c9a0000, 0x000000010de60000, 0x0000000111ba0000)
  object space 21248K, 59% used [0x000000010c9a0000,0x000000010d5f17c8,0x000000010de60000)
Event: 1.437 GC heap after
Heap after GC invocations=4 (full 0):
 PSYoungGen      total 36160K, used 2752K [0x000000013d3a0000, 0x000000013f9a0000, 0x0000000152fa0000)
  eden space 33408K, 0% used [0x000000013d3a0000,0x000000013d3a0000,0x000000013f440000)
  from space 2752K, 100% used [0x000000013f6f0000,0x000000013f9a0000,0x000000013f9a0000)
  to   space 2752K, 0% used [0x000000013f440000,0x000000013f440000,0x000000013f6f0000)
 ParOldGen       total 44544K, used 4126K [0x0000000111ba0000, 0x0000000114720000, 0x000000013d3a0000)
  object space 44544K, 9% used [0x0000000111ba0000,0x0000000111fa78a0,0x0000000114720000)
 PSPermGen       total 21248K, used 12613K [0x000000010c9a0000, 0x000000010de60000, 0x0000000111ba0000)
  object space 21248K, 59% used [0x000000010c9a0000,0x000000010d5f17c8,0x000000010de60000)
}
Event: 1.944 GC heap before
{Heap before GC invocations=5 (full 0):
 PSYoungGen      total 36160K, used 36160K [0x000000013d3a0000, 0x000000013f9a0000, 0x0000000152fa0000)
  eden space 33408K, 100% used [0x000000013d3a0000,0x000000013f440000,0x000000013f440000)
  from space 2752K, 100% used [0x000000013f6f0000,0x000000013f9a0000,0x000000013f9a0000)
  to   space 2752K, 0% used [0x000000013f440000,0x000000013f440000,0x000000013f6f0000)
 ParOldGen       total 44544K, used 4126K [0x0000000111ba0000, 0x0000000114720000, 0x000000013d3a0000)
  object space 44544K, 9% used [0x0000000111ba0000,0x0000000111fa78a0,0x0000000114720000)
 PSPermGen       total 21248K, used 12938K [0x000000010c9a0000, 0x000000010de60000, 0x0000000111ba0000)
  object space 21248K, 60% used [0x000000010c9a0000,0x000000010d6429b8,0x000000010de60000)
Event: 1.951 GC heap after
Heap after GC invocations=5 (full 0):
 PSYoungGen      total 36160K, used 2752K [0x000000013d3a0000, 0x0000000142020000, 0x0000000152fa0000)
  eden space 33408K, 0% used [0x000000013d3a0000,0x000000013d3a0000,0x000000013f440000)
  from space 2752K, 100% used [0x000000013f440000,0x000000013f6f0000,0x000000013f6f0000)
  to   space 5760K, 0% used [0x0000000141a80000,0x0000000141a80000,0x0000000142020000)
 ParOldGen       total 44544K, used 5985K [0x0000000111ba0000, 0x0000000114720000, 0x000000013d3a0000)
  object space 44544K, 13% used [0x0000000111ba0000,0x00000001121787c0,0x0000000114720000)
 PSPermGen       total 21248K, used 12938K [0x000000010c9a0000, 0x000000010de60000, 0x0000000111ba0000)
  object space 21248K, 60% used [0x000000010c9a0000,0x000000010d6429b8,0x000000010de60000)
}
Event: 4.571 GC heap before
{Heap before GC invocations=6 (full 0):
 PSYoungGen      total 36160K, used 27631K [0x000000013d3a0000, 0x0000000142020000, 0x0000000152fa0000)
  eden space 33408K, 74% used [0x000000013d3a0000,0x000000013ebebe18,0x000000013f440000)
  from space 2752K, 100% used [0x000000013f440000,0x000000013f6f0000,0x000000013f6f0000)
  to   space 5760K, 0% used [0x0000000141a80000,0x0000000141a80000,0x0000000142020000)
 ParOldGen       total 44544K, used 5985K [0x0000000111ba0000, 0x0000000114720000, 0x000000013d3a0000)
  object space 44544K, 13% used [0x0000000111ba0000,0x00000001121787c0,0x0000000114720000)
 PSPermGen       total 21248K, used 14133K [0x000000010c9a0000, 0x000000010de60000, 0x0000000111ba0000)
  object space 21248K, 66% used [0x000000010c9a0000,0x000000010d76d430,0x000000010de60000)
Event: 4.578 GC heap after
Heap after GC invocations=6 (full 0):
 PSYoungGen      total 72256K, used 4980K [0x000000013d3a0000, 0x00000001420c0000, 0x0000000152fa0000)
  eden space 66496K, 0% used [0x000000013d3a0000,0x000000013d3a0000,0x0000000141490000)
  from space 5760K, 86% used [0x0000000141a80000,0x0000000141f5d238,0x0000000142020000)
  to   space 6080K, 0% used [0x0000000141490000,0x0000000141490000,0x0000000141a80000)
 ParOldGen       total 44544K, used 5993K [0x0000000111ba0000, 0x0000000114720000, 0x000000013d3a0000)
  object space 44544K, 13% used [0x0000000111ba0000,0x000000011217a7c0,0x0000000114720000)
 PSPermGen       total 21248K, used 14133K [0x000000010c9a0000, 0x000000010de60000, 0x0000000111ba0000)
  object space 21248K, 66% used [0x000000010c9a0000,0x000000010d76d430,0x000000010de60000)
}
Event: 4.578 GC heap before
{Heap before GC invocations=7 (full 1):
 PSYoungGen      total 72256K, used 4980K [0x000000013d3a0000, 0x00000001420c0000, 0x0000000152fa0000)
  eden space 66496K, 0% used [0x000000013d3a0000,0x000000013d3a0000,0x0000000141490000)
  from space 5760K, 86% used [0x0000000141a80000,0x0000000141f5d238,0x0000000142020000)
  to   space 6080K, 0% used [0x0000000141490000,0x0000000141490000,0x0000000141a80000)
 ParOldGen       total 44544K, used 5993K [0x0000000111ba0000, 0x0000000114720000, 0x000000013d3a0000)
  object space 44544K, 13% used [0x0000000111ba0000,0x000000011217a7c0,0x0000000114720000)
 PSPermGen       total 21248K, used 14133K [0x000000010c9a0000, 0x000000010de60000, 0x0000000111ba0000)
  object space 21248K, 66% used [0x000000010c9a0000,0x000000010d76d430,0x000000010de60000)
Event: 4.612 GC heap after
Heap after GC invocations=7 (full 1):
 PSYoungGen      total 72256K, used 0K [0x000000013d3a0000, 0x00000001420c0000, 0x0000000152fa0000)
  eden space 66496K, 0% used [0x000000013d3a0000,0x000000013d3a0000,0x0000000141490000)
  from space 5760K, 0% used [0x0000000141a80000,0x0000000141a80000,0x0000000142020000)
  to   space 6080K, 0% used [0x0000000141490000,0x0000000141490000,0x0000000141a80000)
 ParOldGen       total 44544K, used 7020K [0x0000000111ba0000, 0x0000000114720000, 0x000000013d3a0000)
  object space 44544K, 15% used [0x0000000111ba0000,0x000000011227b3f8,0x0000000114720000)
 PSPermGen       total 28608K, used 13944K [0x000000010c9a0000, 0x000000010e590000, 0x0000000111ba0000)
  object space 28608K, 48% used [0x000000010c9a0000,0x000000010d73e3c8,0x000000010e590000)
}

